<?xml version="1.0" encoding="UTF-8"?>
<testng-results ignored="0" total="1" passed="1" failed="0" skipped="0">
  <reporter-output>
  </reporter-output>
  <suite started-at="2024-09-13T16:28:45 IST" name="Default suite" finished-at="2024-09-13T16:28:51 IST" duration-ms="5798">
    <groups>
    </groups>
    <test started-at="2024-09-13T16:28:45 IST" name="Default test" finished-at="2024-09-13T16:28:51 IST" duration-ms="5798">
      <class name="ExtractaAndValidate">
        <test-method is-config="true" signature="setup()[pri:0, instance:ExtractaAndValidate@7674f035]" started-at="2024-09-13T16:28:45 IST" name="setup" finished-at="2024-09-13T16:28:49 IST" duration-ms="4032" status="PASS">
          <reporter-output>
          </reporter-output>
        </test-method> <!-- setup -->
        <test-method signature="validateTableRows()[pri:0, instance:ExtractaAndValidate@7674f035]" started-at="2024-09-13T16:28:49 IST" name="validateTableRows" finished-at="2024-09-13T16:28:50 IST" duration-ms="1156" status="PASS">
          <reporter-output>
          </reporter-output>
        </test-method> <!-- validateTableRows -->
        <test-method is-config="true" signature="tearDown()[pri:0, instance:ExtractaAndValidate@7674f035]" started-at="2024-09-13T16:28:50 IST" name="tearDown" finished-at="2024-09-13T16:28:51 IST" duration-ms="544" status="PASS">
          <reporter-output>
          </reporter-output>
        </test-method> <!-- tearDown -->
      </class> <!-- ExtractaAndValidate -->
    </test> <!-- Default test -->
  </suite> <!-- Default suite -->
</testng-results>
